<?xml version="1.0" encoding="UTF-8"?>
<testsuite name="features.XqWrapperTest" tests="1" skipped="0" failures="0" errors="0" timestamp="2026-08-20T15:29:45.485Z" hostname="automation2.local" time="0.622">
  <properties/>
  <testcase name="[1:3] use framework capabilities without Java.type in the feature" classname="features.XqWrapperTest" time="0.02"/>
  <system-out><![CDATA[]]></system-out>
  <system-err><![CDATA[SLF4J(W): No SLF4J providers were found.
SLF4J(W): Defaulting to no-operation (NOP) logger implementation
SLF4J(W): See https://www.slf4j.org/codes.html#noProviders for further details.
]]></system-err>
</testsuite>
